[debug] [2019-12-05T12:22:03.378Z] ----------------------------------------------------------------------
[debug] [2019-12-05T12:22:03.380Z] Command:       C:\Program Files\nodejs\node.exe C:\Users\Bogdan Bologa Marius\AppData\Roaming\npm\node_modules\firebase-tools\lib\bin\firebase.js init
[debug] [2019-12-05T12:22:03.381Z] CLI Version:   7.9.0
[debug] [2019-12-05T12:22:03.381Z] Platform:      win32
[debug] [2019-12-05T12:22:03.381Z] Node Version:  v11.9.0
[debug] [2019-12-05T12:22:03.382Z] Time:          Thu Dec 05 2019 13:22:03 GMT+0100 (Central European Standard Time)
[debug] [2019-12-05T12:22:03.382Z] ----------------------------------------------------------------------
[debug] [2019-12-05T12:22:03.382Z] 
[debug] [2019-12-05T12:22:03.394Z] > command requires scopes: ["email","openid","https://www.googleapis.com/auth/cloudplatformprojects.readonly","https://www.googleapis.com/auth/firebase","https://www.googleapis.com/auth/cloud-platform"]
[debug] [2019-12-05T12:22:03.395Z] > authorizing via signed-in user
[info] 
     ######## #### ########  ######## ########     ###     ######  ########
     ##        ##  ##     ## ##       ##     ##  ##   ##  ##       ##
     ######    ##  ########  ######   ########  #########  ######  ######
     ##        ##  ##    ##  ##       ##     ## ##     ##       ## ##
     ##       #### ##     ## ######## ########  ##     ##  ######  ########

You're about to initialize a Firebase project in this directory:

  E:\Code\el-mariachi-system

[debug] [2019-12-05T12:23:18.290Z] ----------------------------------------------------------------------
[debug] [2019-12-05T12:23:18.293Z] Command:       C:\Program Files\nodejs\node.exe C:\Users\Bogdan Bologa Marius\AppData\Roaming\npm\node_modules\firebase-tools\lib\bin\firebase.js init
[debug] [2019-12-05T12:23:18.293Z] CLI Version:   7.9.0
[debug] [2019-12-05T12:23:18.293Z] Platform:      win32
[debug] [2019-12-05T12:23:18.293Z] Node Version:  v11.9.0
[debug] [2019-12-05T12:23:18.294Z] Time:          Thu Dec 05 2019 13:23:18 GMT+0100 (Central European Standard Time)
[debug] [2019-12-05T12:23:18.294Z] ----------------------------------------------------------------------
[debug] [2019-12-05T12:23:18.294Z] 
[debug] [2019-12-05T12:23:18.302Z] > command requires scopes: ["email","openid","https://www.googleapis.com/auth/cloudplatformprojects.readonly","https://www.googleapis.com/auth/firebase","https://www.googleapis.com/auth/cloud-platform"]
[debug] [2019-12-05T12:23:18.303Z] > authorizing via signed-in user
[info] 
     ######## #### ########  ######## ########     ###     ######  ########
     ##        ##  ##     ## ##       ##     ##  ##   ##  ##       ##
     ######    ##  ########  ######   ########  #########  ######  ######
     ##        ##  ##    ##  ##       ##     ## ##     ##       ## ##
     ##       #### ##     ## ######## ########  ##     ##  ######  ########

You're about to initialize a Firebase project in this directory:

  E:\code\el-mariachi-system

